<?xml version="1.0" encoding="UTF-8"?>
<!-- Generated by org.testng.reporters.JUnitReportReporter -->
<testsuite hostname="TechCirle2sMini" failures="0" tests="1" name="TestNG_Day1.AnotherExampleOfTheTest" time="0.001" errors="0" timestamp="2023-11-27T19:19:38 EST" skipped="0">
  <testcase classname="TestNG_Day1.AnotherExampleOfTheTest" name="test4" time="0.001"/>
  <system-out/>
</testsuite> <!-- TestNG_Day1.AnotherExampleOfTheTest -->
