<?xml version="1.0" encoding="UTF-8"?>
<!-- Generated by org.testng.reporters.JUnitReportReporter -->
<testsuite hostname="TechCirle2sMini" failures="0" tests="3" name="TestNG_Day2.DependencyTestOnGroups" time="0.083" errors="0" timestamp="2023-11-27T19:59:29 EST" skipped="0">
  <testcase classname="TestNG_Day2.DependencyTestOnGroups" name="testPrintMessage2" time="0.018"/>
  <system-out/>
  <testcase classname="TestNG_Day2.DependencyTestOnGroups" name="testSaluteGroups" time="0.009"/>
  <system-out/>
  <testcase classname="TestNG_Day2.DependencyTestOnGroups" name="testPrintMessage" time="0.056"/>
  <system-out/>
</testsuite> <!-- TestNG_Day2.DependencyTestOnGroups -->
