<?xml version="1.0" encoding="UTF-8"?>
<!-- Generated by org.testng.reporters.JUnitReportReporter -->
<testsuite hostname="TechCirle2sMini" failures="0" tests="4" name="TestNG_Day2.ParamWithDataProvider" time="0.152" errors="0" timestamp="2023-11-27T21:10:18 EST" skipped="0">
  <testcase classname="TestNG_Day2.ParamWithDataProvider" name="printDataProvider" time="0.012"/>
  <system-out/>
  <testcase classname="TestNG_Day2.ParamWithDataProvider" name="printDataProvider" time="0.022"/>
  <system-out/>
  <testcase classname="TestNG_Day2.ParamWithDataProvider" name="printDataProvider" time="0.018"/>
  <system-out/>
  <testcase classname="TestNG_Day2.ParamWithDataProvider" name="printDataProvider" time="0.100"/>
  <system-out/>
</testsuite> <!-- TestNG_Day2.ParamWithDataProvider -->
