<?xml version="1.0" encoding="UTF-8"?>
<!-- Generated by org.testng.reporters.JUnitReportReporter -->
<testsuite hostname="TechCirle2sMini" failures="0" tests="3" name="TestNG_Day2.DependencyTestUsingAnnotation" time="0.050" errors="0" timestamp="2023-11-27T19:49:52 EST" skipped="0">
  <testcase classname="TestNG_Day2.DependencyTestUsingAnnotation" name="TestPrintMessage" time="0.038"/>
  <system-out/>
  <testcase classname="TestNG_Day2.DependencyTestUsingAnnotation" name="testSalutationToApril" time="0.002"/>
  <system-out/>
  <testcase classname="TestNG_Day2.DependencyTestUsingAnnotation" name="thirdMethod" time="0.010"/>
  <system-out/>
</testsuite> <!-- TestNG_Day2.DependencyTestUsingAnnotation -->
