<?xml version="1.0" encoding="UTF-8"?>
<!-- Generated by org.testng.reporters.JUnitReportReporter -->
<testsuite hostname="TechCirle2sMini" failures="0" tests="2" name="TestNG_Day1.BasicAnnotations" time="0.011" errors="0" timestamp="2023-11-27T19:19:38 EST" skipped="0">
  <testcase classname="TestNG_Day1.BasicAnnotations" name="test1" time="0.005"/>
  <system-out/>
  <testcase classname="TestNG_Day1.BasicAnnotations" name="test2" time="0.006"/>
  <system-out/>
</testsuite> <!-- TestNG_Day1.BasicAnnotations -->
